<?xml version="1.0" encoding="UTF-8" ?>
<testsuite failures="0" time="0.009" errors="0" skipped="0" tests="1" name="com.brahma.loganalyzer.AppTest">
  <properties>
    <property name="java.runtime.name" value="Java(TM) SE Runtime Environment"/>
    <property name="sun.boot.library.path" value="/Library/Java/JavaVirtualMachines/jdk1.7.0_51.jdk/Contents/Home/jre/lib"/>
    <property name="java.vm.version" value="24.51-b03"/>
    <property name="gopherProxySet" value="false"/>
    <property name="java.vm.vendor" value="Oracle Corporation"/>
    <property name="java.vendor.url" value="http://java.oracle.com/"/>
    <property name="path.separator" value=":"/>
    <property name="java.vm.name" value="Java HotSpot(TM) 64-Bit Server VM"/>
    <property name="file.encoding.pkg" value="sun.io"/>
    <property name="user.country" value="US"/>
    <property name="sun.java.launcher" value="SUN_STANDARD"/>
    <property name="sun.os.patch.level" value="unknown"/>
    <property name="java.vm.specification.name" value="Java Virtual Machine Specification"/>
    <property name="user.dir" value="/Users/stratzoomer/Projects/eclipse_workspace/loganalyzer"/>
    <property name="java.runtime.version" value="1.7.0_51-b13"/>
    <property name="java.awt.graphicsenv" value="sun.awt.CGraphicsEnvironment"/>
    <property name="basedir" value="/Users/stratzoomer/Projects/eclipse_workspace/loganalyzer"/>
    <property name="java.endorsed.dirs" value="/Library/Java/JavaVirtualMachines/jdk1.7.0_51.jdk/Contents/Home/jre/lib/endorsed"/>
    <property name="os.arch" value="x86_64"/>
    <property name="surefire.real.class.path" value="/Users/stratzoomer/Projects/eclipse_workspace/loganalyzer/target/surefire/surefirebooter4319398533718627882.jar"/>
    <property name="java.io.tmpdir" value="/var/folders/7t/3f7vh8js3mbcjt77fsrzxtbh0000gn/T/"/>
    <property name="line.separator" value="
"/>
    <property name="java.vm.specification.vendor" value="Oracle Corporation"/>
    <property name="os.name" value="Mac OS X"/>
    <property name="sun.jnu.encoding" value="UTF-8"/>
    <property name="java.library.path" value="/Users/stratzoomer/Library/Java/Extensions:/Library/Java/Extensions:/Network/Library/Java/Extensions:/System/Library/Java/Extensions:/usr/lib/java:."/>
    <property name="surefire.test.class.path" value="/Users/stratzoomer/Projects/eclipse_workspace/loganalyzer/target/test-classes:/Users/stratzoomer/Projects/eclipse_workspace/loganalyzer/target/classes:/Users/stratzoomer/.m2/repository/junit/junit/3.8.1/junit-3.8.1.jar:/Users/stratzoomer/.m2/repository/io/dropwizard/dropwizard-core/0.7.0-rc2/dropwizard-core-0.7.0-rc2.jar:/Users/stratzoomer/.m2/repository/io/dropwizard/dropwizard-util/0.7.0-rc2/dropwizard-util-0.7.0-rc2.jar:/Users/stratzoomer/.m2/repository/com/fasterxml/jackson/core/jackson-annotations/2.3.1/jackson-annotations-2.3.1.jar:/Users/stratzoomer/.m2/repository/com/google/guava/guava/16.0.1/guava-16.0.1.jar:/Users/stratzoomer/.m2/repository/com/google/code/findbugs/jsr305/2.0.3/jsr305-2.0.3.jar:/Users/stratzoomer/.m2/repository/joda-time/joda-time/2.3/joda-time-2.3.jar:/Users/stratzoomer/.m2/repository/io/dropwizard/dropwizard-jackson/0.7.0-rc2/dropwizard-jackson-0.7.0-rc2.jar:/Users/stratzoomer/.m2/repository/com/fasterxml/jackson/core/jackson-core/2.3.1/jackson-core-2.3.1.jar:/Users/stratzoomer/.m2/repository/com/fasterxml/jackson/core/jackson-databind/2.3.1/jackson-databind-2.3.1.jar:/Users/stratzoomer/.m2/repository/com/fasterxml/jackson/datatype/jackson-datatype-guava/2.3.1/jackson-datatype-guava-2.3.1.jar:/Users/stratzoomer/.m2/repository/com/fasterxml/jackson/module/jackson-module-afterburner/2.3.1/jackson-module-afterburner-2.3.1.jar:/Users/stratzoomer/.m2/repository/com/fasterxml/jackson/datatype/jackson-datatype-joda/2.3.1/jackson-datatype-joda-2.3.1.jar:/Users/stratzoomer/.m2/repository/ch/qos/logback/logback-classic/1.1.1/logback-classic-1.1.1.jar:/Users/stratzoomer/.m2/repository/io/dropwizard/dropwizard-validation/0.7.0-rc2/dropwizard-validation-0.7.0-rc2.jar:/Users/stratzoomer/.m2/repository/org/hibernate/hibernate-validator/5.0.2.Final/hibernate-validator-5.0.2.Final.jar:/Users/stratzoomer/.m2/repository/javax/validation/validation-api/1.1.0.Final/validation-api-1.1.0.Final.jar:/Users/stratzoomer/.m2/repository/org/jboss/logging/jboss-logging/3.1.1.GA/jboss-logging-3.1.1.GA.jar:/Users/stratzoomer/.m2/repository/com/fasterxml/classmate/1.0.0/classmate-1.0.0.jar:/Users/stratzoomer/.m2/repository/org/glassfish/web/javax.el/2.2.6/javax.el-2.2.6.jar:/Users/stratzoomer/.m2/repository/javax/el/javax.el-api/2.2.5/javax.el-api-2.2.5.jar:/Users/stratzoomer/.m2/repository/io/dropwizard/dropwizard-configuration/0.7.0-rc2/dropwizard-configuration-0.7.0-rc2.jar:/Users/stratzoomer/.m2/repository/com/fasterxml/jackson/dataformat/jackson-dataformat-yaml/2.3.1/jackson-dataformat-yaml-2.3.1.jar:/Users/stratzoomer/.m2/repository/commons-lang/commons-lang/2.6/commons-lang-2.6.jar:/Users/stratzoomer/.m2/repository/io/dropwizard/dropwizard-logging/0.7.0-rc2/dropwizard-logging-0.7.0-rc2.jar:/Users/stratzoomer/.m2/repository/com/codahale/metrics/metrics-logback/3.0.1/metrics-logback-3.0.1.jar:/Users/stratzoomer/.m2/repository/org/slf4j/slf4j-api/1.7.6/slf4j-api-1.7.6.jar:/Users/stratzoomer/.m2/repository/org/slf4j/jul-to-slf4j/1.7.6/jul-to-slf4j-1.7.6.jar:/Users/stratzoomer/.m2/repository/ch/qos/logback/logback-core/1.1.1/logback-core-1.1.1.jar:/Users/stratzoomer/.m2/repository/org/slf4j/log4j-over-slf4j/1.7.6/log4j-over-slf4j-1.7.6.jar:/Users/stratzoomer/.m2/repository/org/eclipse/jetty/jetty-util/9.0.7.v20131107/jetty-util-9.0.7.v20131107.jar:/Users/stratzoomer/.m2/repository/io/dropwizard/dropwizard-metrics/0.7.0-rc2/dropwizard-metrics-0.7.0-rc2.jar:/Users/stratzoomer/.m2/repository/io/dropwizard/dropwizard-jersey/0.7.0-rc2/dropwizard-jersey-0.7.0-rc2.jar:/Users/stratzoomer/.m2/repository/com/sun/jersey/jersey-server/1.18/jersey-server-1.18.jar:/Users/stratzoomer/.m2/repository/asm/asm/3.1/asm-3.1.jar:/Users/stratzoomer/.m2/repository/com/sun/jersey/jersey-servlet/1.18/jersey-servlet-1.18.jar:/Users/stratzoomer/.m2/repository/com/codahale/metrics/metrics-jersey/3.0.1/metrics-jersey-3.0.1.jar:/Users/stratzoomer/.m2/repository/com/codahale/metrics/metrics-annotation/3.0.1/metrics-annotation-3.0.1.jar:/Users/stratzoomer/.m2/repository/com/fasterxml/jackson/jaxrs/jackson-jaxrs-json-provider/2.3.1/jackson-jaxrs-json-provider-2.3.1.jar:/Users/stratzoomer/.m2/repository/com/fasterxml/jackson/jaxrs/jackson-jaxrs-base/2.3.1/jackson-jaxrs-base-2.3.1.jar:/Users/stratzoomer/.m2/repository/com/fasterxml/jackson/module/jackson-module-jaxb-annotations/2.3.1/jackson-module-jaxb-annotations-2.3.1.jar:/Users/stratzoomer/.m2/repository/io/dropwizard/dropwizard-servlets/0.7.0-rc2/dropwizard-servlets-0.7.0-rc2.jar:/Users/stratzoomer/.m2/repository/io/dropwizard/dropwizard-jetty/0.7.0-rc2/dropwizard-jetty-0.7.0-rc2.jar:/Users/stratzoomer/.m2/repository/com/codahale/metrics/metrics-jetty9/3.0.1/metrics-jetty9-3.0.1.jar:/Users/stratzoomer/.m2/repository/org/eclipse/jetty/jetty-server/9.0.7.v20131107/jetty-server-9.0.7.v20131107.jar:/Users/stratzoomer/.m2/repository/org/eclipse/jetty/jetty-io/9.0.7.v20131107/jetty-io-9.0.7.v20131107.jar:/Users/stratzoomer/.m2/repository/org/eclipse/jetty/jetty-servlet/9.0.7.v20131107/jetty-servlet-9.0.7.v20131107.jar:/Users/stratzoomer/.m2/repository/org/eclipse/jetty/jetty-security/9.0.7.v20131107/jetty-security-9.0.7.v20131107.jar:/Users/stratzoomer/.m2/repository/org/eclipse/jetty/jetty-servlets/9.0.7.v20131107/jetty-servlets-9.0.7.v20131107.jar:/Users/stratzoomer/.m2/repository/org/eclipse/jetty/jetty-continuation/9.0.7.v20131107/jetty-continuation-9.0.7.v20131107.jar:/Users/stratzoomer/.m2/repository/org/eclipse/jetty/jetty-http/9.0.7.v20131107/jetty-http-9.0.7.v20131107.jar:/Users/stratzoomer/.m2/repository/io/dropwizard/dropwizard-lifecycle/0.7.0-rc2/dropwizard-lifecycle-0.7.0-rc2.jar:/Users/stratzoomer/.m2/repository/com/codahale/metrics/metrics-core/3.0.1/metrics-core-3.0.1.jar:/Users/stratzoomer/.m2/repository/com/codahale/metrics/metrics-jvm/3.0.1/metrics-jvm-3.0.1.jar:/Users/stratzoomer/.m2/repository/com/codahale/metrics/metrics-servlets/3.0.1/metrics-servlets-3.0.1.jar:/Users/stratzoomer/.m2/repository/com/codahale/metrics/metrics-json/3.0.1/metrics-json-3.0.1.jar:/Users/stratzoomer/.m2/repository/com/codahale/metrics/metrics-healthchecks/3.0.1/metrics-healthchecks-3.0.1.jar:/Users/stratzoomer/.m2/repository/net/sourceforge/argparse4j/argparse4j/0.4.3/argparse4j-0.4.3.jar:/Users/stratzoomer/.m2/repository/org/eclipse/jetty/orbit/javax.servlet/3.0.0.v201112011016/javax.servlet-3.0.0.v201112011016.jar:/Users/stratzoomer/.m2/repository/org/eclipse/jetty/toolchain/setuid/jetty-setuid-java/1.0.2/jetty-setuid-java-1.0.2.jar:/Users/stratzoomer/.m2/repository/io/dropwizard/dropwizard-views-freemarker/0.7.0-rc2/dropwizard-views-freemarker-0.7.0-rc2.jar:/Users/stratzoomer/.m2/repository/io/dropwizard/dropwizard-views/0.7.0-rc2/dropwizard-views-0.7.0-rc2.jar:/Users/stratzoomer/.m2/repository/org/freemarker/freemarker/2.3.20/freemarker-2.3.20.jar:/Users/stratzoomer/.m2/repository/io/dropwizard/dropwizard-assets/0.7.0-rc2/dropwizard-assets-0.7.0-rc2.jar:/Users/stratzoomer/.m2/repository/com/sun/jersey/contribs/jersey-multipart/1.18/jersey-multipart-1.18.jar:/Users/stratzoomer/.m2/repository/org/jvnet/mimepull/mimepull/1.9.3/mimepull-1.9.3.jar:/Users/stratzoomer/.m2/repository/com/sun/jersey/jersey-core/1.18/jersey-core-1.18.jar:"/>
    <property name="java.specification.name" value="Java Platform API Specification"/>
    <property name="java.class.version" value="51.0"/>
    <property name="sun.management.compiler" value="HotSpot 64-Bit Tiered Compilers"/>
    <property name="os.version" value="10.8.5"/>
    <property name="http.nonProxyHosts" value="local|*.local|169.254/16|*.169.254/16"/>
    <property name="user.home" value="/Users/stratzoomer"/>
    <property name="user.timezone" value=""/>
    <property name="java.awt.printerjob" value="sun.lwawt.macosx.CPrinterJob"/>
    <property name="java.specification.version" value="1.7"/>
    <property name="file.encoding" value="UTF-8"/>
    <property name="user.name" value="stratzoomer"/>
    <property name="java.class.path" value="/Users/stratzoomer/Projects/eclipse_workspace/loganalyzer/target/test-classes:/Users/stratzoomer/Projects/eclipse_workspace/loganalyzer/target/classes:/Users/stratzoomer/.m2/repository/junit/junit/3.8.1/junit-3.8.1.jar:/Users/stratzoomer/.m2/repository/io/dropwizard/dropwizard-core/0.7.0-rc2/dropwizard-core-0.7.0-rc2.jar:/Users/stratzoomer/.m2/repository/io/dropwizard/dropwizard-util/0.7.0-rc2/dropwizard-util-0.7.0-rc2.jar:/Users/stratzoomer/.m2/repository/com/fasterxml/jackson/core/jackson-annotations/2.3.1/jackson-annotations-2.3.1.jar:/Users/stratzoomer/.m2/repository/com/google/guava/guava/16.0.1/guava-16.0.1.jar:/Users/stratzoomer/.m2/repository/com/google/code/findbugs/jsr305/2.0.3/jsr305-2.0.3.jar:/Users/stratzoomer/.m2/repository/joda-time/joda-time/2.3/joda-time-2.3.jar:/Users/stratzoomer/.m2/repository/io/dropwizard/dropwizard-jackson/0.7.0-rc2/dropwizard-jackson-0.7.0-rc2.jar:/Users/stratzoomer/.m2/repository/com/fasterxml/jackson/core/jackson-core/2.3.1/jackson-core-2.3.1.jar:/Users/stratzoomer/.m2/repository/com/fasterxml/jackson/core/jackson-databind/2.3.1/jackson-databind-2.3.1.jar:/Users/stratzoomer/.m2/repository/com/fasterxml/jackson/datatype/jackson-datatype-guava/2.3.1/jackson-datatype-guava-2.3.1.jar:/Users/stratzoomer/.m2/repository/com/fasterxml/jackson/module/jackson-module-afterburner/2.3.1/jackson-module-afterburner-2.3.1.jar:/Users/stratzoomer/.m2/repository/com/fasterxml/jackson/datatype/jackson-datatype-joda/2.3.1/jackson-datatype-joda-2.3.1.jar:/Users/stratzoomer/.m2/repository/ch/qos/logback/logback-classic/1.1.1/logback-classic-1.1.1.jar:/Users/stratzoomer/.m2/repository/io/dropwizard/dropwizard-validation/0.7.0-rc2/dropwizard-validation-0.7.0-rc2.jar:/Users/stratzoomer/.m2/repository/org/hibernate/hibernate-validator/5.0.2.Final/hibernate-validator-5.0.2.Final.jar:/Users/stratzoomer/.m2/repository/javax/validation/validation-api/1.1.0.Final/validation-api-1.1.0.Final.jar:/Users/stratzoomer/.m2/repository/org/jboss/logging/jboss-logging/3.1.1.GA/jboss-logging-3.1.1.GA.jar:/Users/stratzoomer/.m2/repository/com/fasterxml/classmate/1.0.0/classmate-1.0.0.jar:/Users/stratzoomer/.m2/repository/org/glassfish/web/javax.el/2.2.6/javax.el-2.2.6.jar:/Users/stratzoomer/.m2/repository/javax/el/javax.el-api/2.2.5/javax.el-api-2.2.5.jar:/Users/stratzoomer/.m2/repository/io/dropwizard/dropwizard-configuration/0.7.0-rc2/dropwizard-configuration-0.7.0-rc2.jar:/Users/stratzoomer/.m2/repository/com/fasterxml/jackson/dataformat/jackson-dataformat-yaml/2.3.1/jackson-dataformat-yaml-2.3.1.jar:/Users/stratzoomer/.m2/repository/commons-lang/commons-lang/2.6/commons-lang-2.6.jar:/Users/stratzoomer/.m2/repository/io/dropwizard/dropwizard-logging/0.7.0-rc2/dropwizard-logging-0.7.0-rc2.jar:/Users/stratzoomer/.m2/repository/com/codahale/metrics/metrics-logback/3.0.1/metrics-logback-3.0.1.jar:/Users/stratzoomer/.m2/repository/org/slf4j/slf4j-api/1.7.6/slf4j-api-1.7.6.jar:/Users/stratzoomer/.m2/repository/org/slf4j/jul-to-slf4j/1.7.6/jul-to-slf4j-1.7.6.jar:/Users/stratzoomer/.m2/repository/ch/qos/logback/logback-core/1.1.1/logback-core-1.1.1.jar:/Users/stratzoomer/.m2/repository/org/slf4j/log4j-over-slf4j/1.7.6/log4j-over-slf4j-1.7.6.jar:/Users/stratzoomer/.m2/repository/org/eclipse/jetty/jetty-util/9.0.7.v20131107/jetty-util-9.0.7.v20131107.jar:/Users/stratzoomer/.m2/repository/io/dropwizard/dropwizard-metrics/0.7.0-rc2/dropwizard-metrics-0.7.0-rc2.jar:/Users/stratzoomer/.m2/repository/io/dropwizard/dropwizard-jersey/0.7.0-rc2/dropwizard-jersey-0.7.0-rc2.jar:/Users/stratzoomer/.m2/repository/com/sun/jersey/jersey-server/1.18/jersey-server-1.18.jar:/Users/stratzoomer/.m2/repository/asm/asm/3.1/asm-3.1.jar:/Users/stratzoomer/.m2/repository/com/sun/jersey/jersey-servlet/1.18/jersey-servlet-1.18.jar:/Users/stratzoomer/.m2/repository/com/codahale/metrics/metrics-jersey/3.0.1/metrics-jersey-3.0.1.jar:/Users/stratzoomer/.m2/repository/com/codahale/metrics/metrics-annotation/3.0.1/metrics-annotation-3.0.1.jar:/Users/stratzoomer/.m2/repository/com/fasterxml/jackson/jaxrs/jackson-jaxrs-json-provider/2.3.1/jackson-jaxrs-json-provider-2.3.1.jar:/Users/stratzoomer/.m2/repository/com/fasterxml/jackson/jaxrs/jackson-jaxrs-base/2.3.1/jackson-jaxrs-base-2.3.1.jar:/Users/stratzoomer/.m2/repository/com/fasterxml/jackson/module/jackson-module-jaxb-annotations/2.3.1/jackson-module-jaxb-annotations-2.3.1.jar:/Users/stratzoomer/.m2/repository/io/dropwizard/dropwizard-servlets/0.7.0-rc2/dropwizard-servlets-0.7.0-rc2.jar:/Users/stratzoomer/.m2/repository/io/dropwizard/dropwizard-jetty/0.7.0-rc2/dropwizard-jetty-0.7.0-rc2.jar:/Users/stratzoomer/.m2/repository/com/codahale/metrics/metrics-jetty9/3.0.1/metrics-jetty9-3.0.1.jar:/Users/stratzoomer/.m2/repository/org/eclipse/jetty/jetty-server/9.0.7.v20131107/jetty-server-9.0.7.v20131107.jar:/Users/stratzoomer/.m2/repository/org/eclipse/jetty/jetty-io/9.0.7.v20131107/jetty-io-9.0.7.v20131107.jar:/Users/stratzoomer/.m2/repository/org/eclipse/jetty/jetty-servlet/9.0.7.v20131107/jetty-servlet-9.0.7.v20131107.jar:/Users/stratzoomer/.m2/repository/org/eclipse/jetty/jetty-security/9.0.7.v20131107/jetty-security-9.0.7.v20131107.jar:/Users/stratzoomer/.m2/repository/org/eclipse/jetty/jetty-servlets/9.0.7.v20131107/jetty-servlets-9.0.7.v20131107.jar:/Users/stratzoomer/.m2/repository/org/eclipse/jetty/jetty-continuation/9.0.7.v20131107/jetty-continuation-9.0.7.v20131107.jar:/Users/stratzoomer/.m2/repository/org/eclipse/jetty/jetty-http/9.0.7.v20131107/jetty-http-9.0.7.v20131107.jar:/Users/stratzoomer/.m2/repository/io/dropwizard/dropwizard-lifecycle/0.7.0-rc2/dropwizard-lifecycle-0.7.0-rc2.jar:/Users/stratzoomer/.m2/repository/com/codahale/metrics/metrics-core/3.0.1/metrics-core-3.0.1.jar:/Users/stratzoomer/.m2/repository/com/codahale/metrics/metrics-jvm/3.0.1/metrics-jvm-3.0.1.jar:/Users/stratzoomer/.m2/repository/com/codahale/metrics/metrics-servlets/3.0.1/metrics-servlets-3.0.1.jar:/Users/stratzoomer/.m2/repository/com/codahale/metrics/metrics-json/3.0.1/metrics-json-3.0.1.jar:/Users/stratzoomer/.m2/repository/com/codahale/metrics/metrics-healthchecks/3.0.1/metrics-healthchecks-3.0.1.jar:/Users/stratzoomer/.m2/repository/net/sourceforge/argparse4j/argparse4j/0.4.3/argparse4j-0.4.3.jar:/Users/stratzoomer/.m2/repository/org/eclipse/jetty/orbit/javax.servlet/3.0.0.v201112011016/javax.servlet-3.0.0.v201112011016.jar:/Users/stratzoomer/.m2/repository/org/eclipse/jetty/toolchain/setuid/jetty-setuid-java/1.0.2/jetty-setuid-java-1.0.2.jar:/Users/stratzoomer/.m2/repository/io/dropwizard/dropwizard-views-freemarker/0.7.0-rc2/dropwizard-views-freemarker-0.7.0-rc2.jar:/Users/stratzoomer/.m2/repository/io/dropwizard/dropwizard-views/0.7.0-rc2/dropwizard-views-0.7.0-rc2.jar:/Users/stratzoomer/.m2/repository/org/freemarker/freemarker/2.3.20/freemarker-2.3.20.jar:/Users/stratzoomer/.m2/repository/io/dropwizard/dropwizard-assets/0.7.0-rc2/dropwizard-assets-0.7.0-rc2.jar:/Users/stratzoomer/.m2/repository/com/sun/jersey/contribs/jersey-multipart/1.18/jersey-multipart-1.18.jar:/Users/stratzoomer/.m2/repository/org/jvnet/mimepull/mimepull/1.9.3/mimepull-1.9.3.jar:/Users/stratzoomer/.m2/repository/com/sun/jersey/jersey-core/1.18/jersey-core-1.18.jar:"/>
    <property name="java.vm.specification.version" value="1.7"/>
    <property name="sun.arch.data.model" value="64"/>
    <property name="java.home" value="/Library/Java/JavaVirtualMachines/jdk1.7.0_51.jdk/Contents/Home/jre"/>
    <property name="sun.java.command" value="/Users/stratzoomer/Projects/eclipse_workspace/loganalyzer/target/surefire/surefirebooter4319398533718627882.jar /Users/stratzoomer/Projects/eclipse_workspace/loganalyzer/target/surefire/surefire3435915491001416471tmp /Users/stratzoomer/Projects/eclipse_workspace/loganalyzer/target/surefire/surefire2728987331319953514tmp"/>
    <property name="java.specification.vendor" value="Oracle Corporation"/>
    <property name="user.language" value="en"/>
    <property name="awt.toolkit" value="sun.lwawt.macosx.LWCToolkit"/>
    <property name="java.vm.info" value="mixed mode"/>
    <property name="java.version" value="1.7.0_51"/>
    <property name="java.ext.dirs" value="/Users/stratzoomer/Library/Java/Extensions:/Library/Java/JavaVirtualMachines/jdk1.7.0_51.jdk/Contents/Home/jre/lib/ext:/Library/Java/Extensions:/Network/Library/Java/Extensions:/System/Library/Java/Extensions:/usr/lib/java"/>
    <property name="sun.boot.class.path" value="/Library/Java/JavaVirtualMachines/jdk1.7.0_51.jdk/Contents/Home/jre/lib/resources.jar:/Library/Java/JavaVirtualMachines/jdk1.7.0_51.jdk/Contents/Home/jre/lib/rt.jar:/Library/Java/JavaVirtualMachines/jdk1.7.0_51.jdk/Contents/Home/jre/lib/sunrsasign.jar:/Library/Java/JavaVirtualMachines/jdk1.7.0_51.jdk/Contents/Home/jre/lib/jsse.jar:/Library/Java/JavaVirtualMachines/jdk1.7.0_51.jdk/Contents/Home/jre/lib/jce.jar:/Library/Java/JavaVirtualMachines/jdk1.7.0_51.jdk/Contents/Home/jre/lib/charsets.jar:/Library/Java/JavaVirtualMachines/jdk1.7.0_51.jdk/Contents/Home/jre/lib/jfr.jar:/Library/Java/JavaVirtualMachines/jdk1.7.0_51.jdk/Contents/Home/jre/classes"/>
    <property name="java.vendor" value="Oracle Corporation"/>
    <property name="localRepository" value="/Users/stratzoomer/.m2/repository"/>
    <property name="file.separator" value="/"/>
    <property name="java.vendor.url.bug" value="http://bugreport.sun.com/bugreport/"/>
    <property name="sun.cpu.endian" value="little"/>
    <property name="sun.io.unicode.encoding" value="UnicodeBig"/>
    <property name="socksNonProxyHosts" value="local|*.local|169.254/16|*.169.254/16"/>
    <property name="ftp.nonProxyHosts" value="local|*.local|169.254/16|*.169.254/16"/>
    <property name="sun.cpu.isalist" value=""/>
  </properties>
  <testcase time="0.001" classname="com.brahma.loganalyzer.AppTest" name="testApp"/>
</testsuite>